{"/home/gustavsonbarros/Documentos/git/vuejs-clickfarmafront/frontend/src/components/auth/GoogleLoginButton.vue": {"path":"/home/gustavsonbarros/Documentos/git/vuejs-clickfarmafront/frontend/src/components/auth/GoogleLoginButton.vue","statementMap":{"0":{"start":{"line":14,"column":15},"end":{"line":75,"column":null}},"1":{"start":{"line":23,"column":4},"end":{"line":26,"column":null}},"2":{"start":{"line":32,"column":6},"end":{"line":32,"column":null}},"3":{"start":{"line":32,"column":24},"end":{"line":32,"column":null}},"4":{"start":{"line":33,"column":6},"end":{"line":33,"column":null}},"5":{"start":{"line":34,"column":6},"end":{"line":34,"column":null}},"6":{"start":{"line":36,"column":6},"end":{"line":45,"column":null}},"7":{"start":{"line":37,"column":21},"end":{"line":37,"column":null}},"8":{"start":{"line":38,"column":25},"end":{"line":38,"column":null}},"9":{"start":{"line":39,"column":8},"end":{"line":39,"column":null}},"10":{"start":{"line":40,"column":8},"end":{"line":40,"column":null}},"11":{"start":{"line":42,"column":8},"end":{"line":42,"column":null}},"12":{"start":{"line":44,"column":8},"end":{"line":44,"column":null}},"13":{"start":{"line":49,"column":6},"end":{"line":52,"column":null}},"14":{"start":{"line":50,"column":8},"end":{"line":50,"column":null}},"15":{"start":{"line":50,"column":25},"end":{"line":50,"column":48}},"16":{"start":{"line":51,"column":8},"end":{"line":51,"column":null}},"17":{"start":{"line":54,"column":6},"end":{"line":58,"column":null}},"18":{"start":{"line":56,"column":28},"end":{"line":56,"column":61}},"19":{"start":{"line":60,"column":6},"end":{"line":69,"column":null}},"20":{"start":{"line":73,"column":4},"end":{"line":73,"column":null}},"21":{"start":{"line":2,"column":7},"end":{"line":2,"column":null}},"22":{"start":{"line":2,"column":2},"end":{"line":7,"column":71}}},"fnMap":{"0":{"name":"(anonymous_0)","decl":{"start":{"line":22,"column":2},"end":{"line":22,"column":6}},"loc":{"start":{"line":22,"column":9},"end":{"line":27,"column":3}},"line":22},"1":{"name":"(anonymous_1)","decl":{"start":{"line":31,"column":10},"end":{"line":31,"column":32}},"loc":{"start":{"line":31,"column":43},"end":{"line":46,"column":5}},"line":31},"2":{"name":"(anonymous_2)","decl":{"start":{"line":48,"column":4},"end":{"line":48,"column":20}},"loc":{"start":{"line":48,"column":23},"end":{"line":70,"column":null}},"line":48},"3":{"name":"(anonymous_3)","decl":{"start":{"line":50,"column":19},"end":{"line":50,"column":20}},"loc":{"start":{"line":50,"column":25},"end":{"line":50,"column":48}},"line":50},"4":{"name":"(anonymous_4)","decl":{"start":{"line":56,"column":18},"end":{"line":56,"column":19}},"loc":{"start":{"line":56,"column":28},"end":{"line":56,"column":61}},"line":56},"5":{"name":"(anonymous_5)","decl":{"start":{"line":72,"column":2},"end":{"line":72,"column":9}},"loc":{"start":{"line":72,"column":12},"end":{"line":74,"column":null}},"line":72}},"branchMap":{"0":{"loc":{"start":{"line":32,"column":6},"end":{"line":32,"column":null}},"type":"if","locations":[{"start":{"line":32,"column":6},"end":{"line":32,"column":null}},{"start":{},"end":{}}],"line":32},"1":{"loc":{"start":{"line":38,"column":25},"end":{"line":38,"column":null}},"type":"binary-expr","locations":[{"start":{"line":38,"column":25},"end":{"line":38,"column":50}},{"start":{"line":38,"column":53},"end":{"line":38,"column":null}}],"line":38},"2":{"loc":{"start":{"line":42,"column":21},"end":{"line":42,"column":null}},"type":"binary-expr","locations":[{"start":{"line":42,"column":21},"end":{"line":42,"column":31}},{"start":{"line":42,"column":36},"end":{"line":42,"column":null}}],"line":42},"3":{"loc":{"start":{"line":49,"column":6},"end":{"line":52,"column":null}},"type":"if","locations":[{"start":{"line":49,"column":6},"end":{"line":52,"column":null}},{"start":{},"end":{}}],"line":49},"4":{"loc":{"start":{"line":49,"column":10},"end":{"line":49,"column":73}},"type":"binary-expr","locations":[{"start":{"line":49,"column":10},"end":{"line":49,"column":47}},{"start":{"line":49,"column":50},"end":{"line":49,"column":73}}],"line":49},"5":{"loc":{"start":{"line":3,"column":4},"end":{"line":4,"column":42}},"type":"binary-expr","locations":[{"start":{"line":3,"column":4},"end":{"line":3,"column":9}},{"start":{"line":3,"column":4},"end":{"line":4,"column":42}}],"line":3},"6":{"loc":{"start":{"line":6,"column":4},"end":{"line":6,"column":65}},"type":"binary-expr","locations":[{"start":{"line":6,"column":4},"end":{"line":6,"column":9}},{"start":{"line":6,"column":4},"end":{"line":6,"column":65}}],"line":6},"7":{"loc":{"start":{"line":7,"column":13},"end":{"line":7,"column":71}},"type":"cond-expr","locations":[{"start":{"line":7,"column":4},"end":{"line":7,"column":71}}],"line":7}},"s":{"0":1,"1":3,"2":0,"3":0,"4":0,"5":0,"6":0,"7":0,"8":0,"9":0,"10":0,"11":0,"12":0,"13":3,"14":3,"15":0,"16":3,"17":0,"18":0,"19":0,"20":3,"21":1,"22":3},"f":{"0":3,"1":0,"2":3,"3":0,"4":0,"5":3},"b":{"0":[0,0],"1":[0,0],"2":[0,0],"3":[3,0],"4":[3,0],"5":[3,3],"6":[3,3],"7":[0]},"meta":{"lastBranch":8,"lastFunction":6,"lastStatement":23,"seen":{"s:14:15:75:Infinity":0,"f:22:2:22:6":0,"s:23:4:26:Infinity":1,"f:31:10:31:32":1,"b:32:6:32:Infinity:undefined:undefined:undefined:undefined":0,"s:32:6:32:Infinity":2,"s:32:24:32:Infinity":3,"s:33:6:33:Infinity":4,"s:34:6:34:Infinity":5,"s:36:6:45:Infinity":6,"s:37:21:37:Infinity":7,"s:38:25:38:Infinity":8,"b:38:25:38:50:38:53:38:Infinity":1,"s:39:8:39:Infinity":9,"s:40:8:40:Infinity":10,"s:42:8:42:Infinity":11,"b:42:21:42:31:42:36:42:Infinity":2,"s:44:8:44:Infinity":12,"f:48:4:48:20":2,"b:49:6:52:Infinity:undefined:undefined:undefined:undefined":3,"s:49:6:52:Infinity":13,"b:49:10:49:47:49:50:49:73":4,"s:50:8:50:Infinity":14,"f:50:19:50:20":3,"s:50:25:50:48":15,"s:51:8:51:Infinity":16,"s:54:6:58:Infinity":17,"f:56:18:56:19":4,"s:56:28:56:61":18,"s:60:6:69:Infinity":19,"f:72:2:72:9":5,"s:73:4:73:Infinity":20,"s:2:7:2:Infinity":21,"s:2:2:7:71":22,"b:3:4:3:9:3:4:4:42":5,"b:6:4:6:9:6:4:6:65":6,"b:7:4:7:71":7}}}
,"/home/gustavsonbarros/Documentos/git/vuejs-clickfarmafront/frontend/src/components/cart/CartAIAdvisor.vue": {"path":"/home/gustavsonbarros/Documentos/git/vuejs-clickfarmafront/frontend/src/components/cart/CartAIAdvisor.vue","statementMap":{"0":{"start":{"line":48,"column":15},"end":{"line":113,"column":null}},"1":{"start":{"line":55,"column":4},"end":{"line":60,"column":null}},"2":{"start":{"line":64,"column":6},"end":{"line":64,"column":null}},"3":{"start":{"line":64,"column":26},"end":{"line":64,"column":null}},"4":{"start":{"line":65,"column":6},"end":{"line":69,"column":null}},"5":{"start":{"line":66,"column":8},"end":{"line":66,"column":null}},"6":{"start":{"line":68,"column":8},"end":{"line":68,"column":null}},"7":{"start":{"line":73,"column":4},"end":{"line":73,"column":null}},"8":{"start":{"line":76,"column":22},"end":{"line":76,"column":55}},"9":{"start":{"line":78,"column":6},"end":{"line":81,"column":null}},"10":{"start":{"line":79,"column":8},"end":{"line":79,"column":null}},"11":{"start":{"line":80,"column":8},"end":{"line":80,"column":null}},"12":{"start":{"line":82,"column":6},"end":{"line":82,"column":null}},"13":{"start":{"line":83,"column":6},"end":{"line":83,"column":null}},"14":{"start":{"line":84,"column":6},"end":{"line":109,"column":null}},"15":{"start":{"line":85,"column":25},"end":{"line":95,"column":null}},"16":{"start":{"line":86,"column":45},"end":{"line":93,"column":11}},"17":{"start":{"line":96,"column":25},"end":{"line":96,"column":null}},"18":{"start":{"line":97,"column":8},"end":{"line":101,"column":null}},"19":{"start":{"line":98,"column":10},"end":{"line":98,"column":null}},"20":{"start":{"line":100,"column":10},"end":{"line":100,"column":null}},"21":{"start":{"line":103,"column":18},"end":{"line":103,"column":null}},"22":{"start":{"line":104,"column":8},"end":{"line":107,"column":null}},"23":{"start":{"line":104,"column":44},"end":{"line":104,"column":null}},"24":{"start":{"line":105,"column":13},"end":{"line":107,"column":null}},"25":{"start":{"line":105,"column":46},"end":{"line":105,"column":null}},"26":{"start":{"line":106,"column":13},"end":{"line":107,"column":null}},"27":{"start":{"line":106,"column":49},"end":{"line":106,"column":null}},"28":{"start":{"line":107,"column":13},"end":{"line":107,"column":null}},"29":{"start":{"line":107,"column":52},"end":{"line":107,"column":null}},"30":{"start":{"line":108,"column":8},"end":{"line":108,"column":null}},"31":{"start":{"line":109,"column":18},"end":{"line":109,"column":41}},"32":{"start":{"line":111,"column":19},"end":{"line":111,"column":35}},"33":{"start":{"line":4,"column":11},"end":{"line":4,"column":null}},"34":{"start":{"line":11,"column":12},"end":{"line":11,"column":29}},"35":{"start":{"line":14,"column":29},"end":{"line":14,"column":null}},"36":{"start":{"line":37,"column":13},"end":{"line":37,"column":31}},"37":{"start":{"line":2,"column":2},"end":{"line":14,"column":29}},"38":{"start":{"line":3,"column":40},"end":{"line":3,"column":53}},"39":{"start":{"line":18,"column":24},"end":{"line":18,"column":35}},"40":{"start":{"line":32,"column":24},"end":{"line":32,"column":35}},"41":{"start":{"line":38,"column":24},"end":{"line":38,"column":34}}},"fnMap":{"0":{"name":"(anonymous_0)","decl":{"start":{"line":54,"column":2},"end":{"line":54,"column":6}},"loc":{"start":{"line":54,"column":9},"end":{"line":61,"column":3}},"line":54},"1":{"name":"(anonymous_1)","decl":{"start":{"line":63,"column":4},"end":{"line":63,"column":20}},"loc":{"start":{"line":63,"column":23},"end":{"line":70,"column":null}},"line":63},"2":{"name":"(anonymous_2)","decl":{"start":{"line":72,"column":2},"end":{"line":72,"column":9}},"loc":{"start":{"line":72,"column":12},"end":{"line":74,"column":3}},"line":72},"3":{"name":"(anonymous_3)","decl":{"start":{"line":76,"column":4},"end":{"line":76,"column":17}},"loc":{"start":{"line":76,"column":20},"end":{"line":76,"column":58}},"line":76},"4":{"name":"(anonymous_4)","decl":{"start":{"line":77,"column":10},"end":{"line":77,"column":21}},"loc":{"start":{"line":77,"column":24},"end":{"line":110,"column":5}},"line":77},"5":{"name":"(anonymous_5)","decl":{"start":{"line":86,"column":36},"end":{"line":86,"column":39}},"loc":{"start":{"line":86,"column":45},"end":{"line":93,"column":11}},"line":86},"6":{"name":"(anonymous_6)","decl":{"start":{"line":111,"column":4},"end":{"line":111,"column":14}},"loc":{"start":{"line":111,"column":17},"end":{"line":111,"column":null}},"line":111},"7":{"name":"(anonymous_7)","decl":{"start":{"line":3,"column":38},"end":{"line":3,"column":40}},"loc":{"start":{"line":3,"column":40},"end":{"line":3,"column":53}},"line":3},"8":{"name":"(anonymous_8)","decl":{"start":{"line":18,"column":22},"end":{"line":18,"column":24}},"loc":{"start":{"line":18,"column":24},"end":{"line":18,"column":35}},"line":18},"9":{"name":"(anonymous_9)","decl":{"start":{"line":32,"column":22},"end":{"line":32,"column":24}},"loc":{"start":{"line":32,"column":24},"end":{"line":32,"column":35}},"line":32},"10":{"name":"(anonymous_10)","decl":{"start":{"line":38,"column":22},"end":{"line":38,"column":24}},"loc":{"start":{"line":38,"column":24},"end":{"line":38,"column":34}},"line":38}},"branchMap":{"0":{"loc":{"start":{"line":64,"column":6},"end":{"line":64,"column":null}},"type":"if","locations":[{"start":{"line":64,"column":6},"end":{"line":64,"column":null}},{"start":{},"end":{}}],"line":64},"1":{"loc":{"start":{"line":78,"column":6},"end":{"line":81,"column":null}},"type":"if","locations":[{"start":{"line":78,"column":6},"end":{"line":81,"column":null}},{"start":{},"end":{}}],"line":78},"2":{"loc":{"start":{"line":88,"column":18},"end":{"line":88,"column":46}},"type":"binary-expr","locations":[{"start":{"line":88,"column":18},"end":{"line":88,"column":26}},{"start":{"line":88,"column":31},"end":{"line":88,"column":39}},{"start":{"line":88,"column":44},"end":{"line":88,"column":46}}],"line":88},"3":{"loc":{"start":{"line":89,"column":25},"end":{"line":89,"column":65}},"type":"binary-expr","locations":[{"start":{"line":89,"column":25},"end":{"line":89,"column":40}},{"start":{"line":89,"column":45},"end":{"line":89,"column":58}},{"start":{"line":89,"column":63},"end":{"line":89,"column":65}}],"line":89},"4":{"loc":{"start":{"line":90,"column":19},"end":{"line":90,"column":48}},"type":"binary-expr","locations":[{"start":{"line":90,"column":19},"end":{"line":90,"column":28}},{"start":{"line":90,"column":33},"end":{"line":90,"column":42}},{"start":{"line":90,"column":47},"end":{"line":90,"column":48}}],"line":90},"5":{"loc":{"start":{"line":92,"column":22},"end":{"line":92,"column":null}},"type":"binary-expr","locations":[{"start":{"line":92,"column":22},"end":{"line":92,"column":34}},{"start":{"line":92,"column":39},"end":{"line":92,"column":56}},{"start":{"line":92,"column":61},"end":{"line":92,"column":null}}],"line":92},"6":{"loc":{"start":{"line":97,"column":8},"end":{"line":101,"column":null}},"type":"if","locations":[{"start":{"line":97,"column":8},"end":{"line":101,"column":null}},{"start":{"line":99,"column":15},"end":{"line":101,"column":null}}],"line":97},"7":{"loc":{"start":{"line":97,"column":12},"end":{"line":97,"column":51}},"type":"binary-expr","locations":[{"start":{"line":97,"column":12},"end":{"line":97,"column":24}},{"start":{"line":97,"column":29},"end":{"line":97,"column":51}}],"line":97},"8":{"loc":{"start":{"line":104,"column":8},"end":{"line":107,"column":null}},"type":"if","locations":[{"start":{"line":104,"column":8},"end":{"line":107,"column":null}},{"start":{"line":105,"column":13},"end":{"line":107,"column":null}}],"line":104},"9":{"loc":{"start":{"line":105,"column":13},"end":{"line":107,"column":null}},"type":"if","locations":[{"start":{"line":105,"column":13},"end":{"line":107,"column":null}},{"start":{"line":106,"column":13},"end":{"line":107,"column":null}}],"line":105},"10":{"loc":{"start":{"line":106,"column":13},"end":{"line":107,"column":null}},"type":"if","locations":[{"start":{"line":106,"column":13},"end":{"line":107,"column":null}},{"start":{"line":107,"column":13},"end":{"line":107,"column":null}}],"line":106},"11":{"loc":{"start":{"line":107,"column":13},"end":{"line":107,"column":null}},"type":"if","locations":[{"start":{"line":107,"column":13},"end":{"line":107,"column":null}},{"start":{},"end":{}}],"line":107},"12":{"loc":{"start":{"line":3,"column":38},"end":{"line":3,"column":null}},"type":"binary-expr","locations":[{"start":{"line":3,"column":38},"end":{"line":3,"column":40}},{"start":{"line":3,"column":38},"end":{"line":3,"column":null}}],"line":3},"13":{"loc":{"start":{"line":3,"column":40},"end":{"line":3,"column":53}},"type":"binary-expr","locations":[{"start":{"line":3,"column":40},"end":{"line":3,"column":53}},{"start":{"line":3,"column":40},"end":{"line":3,"column":53}}],"line":3},"14":{"loc":{"start":{"line":5,"column":8},"end":{"line":5,"column":36}},"type":"binary-expr","locations":[{"start":{"line":5,"column":8},"end":{"line":5,"column":14}},{"start":{"line":5,"column":8},"end":{"line":5,"column":36}}],"line":5},"15":{"loc":{"start":{"line":7,"column":10},"end":{"line":7,"column":40}},"type":"binary-expr","locations":[{"start":{"line":7,"column":10},"end":{"line":7,"column":14}},{"start":{"line":7,"column":10},"end":{"line":7,"column":40}}],"line":7},"16":{"loc":{"start":{"line":8,"column":22},"end":{"line":8,"column":74}},"type":"cond-expr","locations":[{"start":{"line":8,"column":10},"end":{"line":8,"column":74}}],"line":8},"17":{"loc":{"start":{"line":11,"column":29},"end":{"line":11,"column":61}},"type":"cond-expr","locations":[{"start":{"line":11,"column":39},"end":{"line":11,"column":61}},{"start":{"line":11,"column":39},"end":{"line":11,"column":61}}],"line":11},"18":{"loc":{"start":{"line":16,"column":18},"end":{"line":20,"column":17}},"type":"cond-expr","locations":[{"start":{"line":16,"column":6},"end":{"line":20,"column":17}}],"line":16},"19":{"loc":{"start":{"line":16,"column":18},"end":{"line":16,"column":52}},"type":"binary-expr","locations":[{"start":{"line":16,"column":18},"end":{"line":16,"column":29}},{"start":{"line":16,"column":29},"end":{"line":16,"column":42}},{"start":{"line":16,"column":42},"end":{"line":16,"column":52}}],"line":16},"20":{"loc":{"start":{"line":17,"column":8},"end":{"line":17,"column":90}},"type":"binary-expr","locations":[{"start":{"line":17,"column":8},"end":{"line":17,"column":11}},{"start":{"line":17,"column":8},"end":{"line":17,"column":90}}],"line":17},"21":{"loc":{"start":{"line":18,"column":22},"end":{"line":18,"column":37}},"type":"binary-expr","locations":[{"start":{"line":18,"column":22},"end":{"line":18,"column":24}},{"start":{"line":18,"column":22},"end":{"line":18,"column":37}}],"line":18},"22":{"loc":{"start":{"line":18,"column":24},"end":{"line":18,"column":35}},"type":"binary-expr","locations":[{"start":{"line":18,"column":24},"end":{"line":18,"column":35}},{"start":{"line":18,"column":24},"end":{"line":18,"column":35}}],"line":18},"23":{"loc":{"start":{"line":24,"column":17},"end":{"line":26,"column":41}},"type":"cond-expr","locations":[{"start":{"line":24,"column":6},"end":{"line":26,"column":41}}],"line":24},"24":{"loc":{"start":{"line":27,"column":12},"end":{"line":26,"column":41}},"type":"binary-expr","locations":[{"start":{"line":27,"column":12},"end":{"line":27,"column":null}},{"start":{"line":27,"column":12},"end":{"line":26,"column":41}}],"line":27},"25":{"loc":{"start":{"line":30,"column":17},"end":{"line":32,"column":85}},"type":"cond-expr","locations":[{"start":{"line":30,"column":6},"end":{"line":32,"column":85}}],"line":30},"26":{"loc":{"start":{"line":30,"column":17},"end":{"line":30,"column":41}},"type":"binary-expr","locations":[{"start":{"line":30,"column":17},"end":{"line":30,"column":25}},{"start":{"line":30,"column":25},"end":{"line":30,"column":41}}],"line":30},"27":{"loc":{"start":{"line":32,"column":22},"end":{"line":32,"column":37}},"type":"binary-expr","locations":[{"start":{"line":32,"column":22},"end":{"line":32,"column":24}},{"start":{"line":32,"column":22},"end":{"line":32,"column":37}}],"line":32},"28":{"loc":{"start":{"line":32,"column":24},"end":{"line":32,"column":35}},"type":"binary-expr","locations":[{"start":{"line":32,"column":24},"end":{"line":32,"column":35}},{"start":{"line":32,"column":24},"end":{"line":32,"column":35}}],"line":32},"29":{"loc":{"start":{"line":36,"column":17},"end":{"line":38,"column":69}},"type":"cond-expr","locations":[{"start":{"line":36,"column":6},"end":{"line":38,"column":69}}],"line":36},"30":{"loc":{"start":{"line":38,"column":22},"end":{"line":38,"column":36}},"type":"binary-expr","locations":[{"start":{"line":38,"column":22},"end":{"line":38,"column":24}},{"start":{"line":38,"column":22},"end":{"line":38,"column":36}}],"line":38},"31":{"loc":{"start":{"line":38,"column":24},"end":{"line":38,"column":34}},"type":"binary-expr","locations":[{"start":{"line":38,"column":24},"end":{"line":38,"column":34}},{"start":{"line":38,"column":24},"end":{"line":38,"column":34}}],"line":38}},"s":{"0":1,"1":0,"2":0,"3":0,"4":0,"5":0,"6":0,"7":0,"8":0,"9":0,"10":0,"11":0,"12":0,"13":0,"14":0,"15":0,"16":0,"17":0,"18":0,"19":0,"20":0,"21":0,"22":0,"23":0,"24":0,"25":0,"26":0,"27":0,"28":0,"29":0,"30":0,"31":0,"32":0,"33":1,"34":1,"35":1,"36":1,"37":0,"38":0,"39":0,"40":0,"41":0},"f":{"0":0,"1":0,"2":0,"3":0,"4":0,"5":0,"6":0,"7":0,"8":0,"9":0,"10":0},"b":{"0":[0,0],"1":[0,0],"2":[0,0,0],"3":[0,0,0],"4":[0,0,0],"5":[0,0,0],"6":[0,0],"7":[0,0],"8":[0,0],"9":[0,0],"10":[0,0],"11":[0,0],"12":[0,0],"13":[0,0],"14":[0,0],"15":[0,0],"16":[0],"17":[0,0],"18":[0],"19":[0,0,0],"20":[0,0],"21":[0,0],"22":[0,0],"23":[0],"24":[0,0],"25":[0],"26":[0,0],"27":[0,0],"28":[0,0],"29":[0],"30":[0,0],"31":[0,0]},"meta":{"lastBranch":0,"lastFunction":0,"lastStatement":0,"seen":{}}}
,"/home/gustavsonbarros/Documentos/git/vuejs-clickfarmafront/frontend/src/components/cart/CartItem.vue": {"path":"/home/gustavsonbarros/Documentos/git/vuejs-clickfarmafront/frontend/src/components/cart/CartItem.vue","statementMap":{"0":{"start":{"line":63,"column":15},"end":{"line":118,"column":null}},"1":{"start":{"line":70,"column":8},"end":{"line":76,"column":null}},"2":{"start":{"line":82,"column":6},"end":{"line":82,"column":null}},"3":{"start":{"line":85,"column":6},"end":{"line":85,"column":null}},"4":{"start":{"line":88,"column":6},"end":{"line":88,"column":null}},"5":{"start":{"line":91,"column":6},"end":{"line":91,"column":null}},"6":{"start":{"line":94,"column":24},"end":{"line":94,"column":null}},"7":{"start":{"line":95,"column":6},"end":{"line":97,"column":null}},"8":{"start":{"line":100,"column":6},"end":{"line":100,"column":null}},"9":{"start":{"line":103,"column":6},"end":{"line":103,"column":null}},"10":{"start":{"line":106,"column":6},"end":{"line":106,"column":null}},"11":{"start":{"line":111,"column":23},"end":{"line":111,"column":null}},"12":{"start":{"line":112,"column":6},"end":{"line":112,"column":null}},"13":{"start":{"line":115,"column":6},"end":{"line":115,"column":null}},"14":{"start":{"line":2,"column":7},"end":{"line":2,"column":null}},"15":{"start":{"line":3,"column":9},"end":{"line":3,"column":null}},"16":{"start":{"line":4,"column":11},"end":{"line":4,"column":null}},"17":{"start":{"line":6,"column":13},"end":{"line":6,"column":null}},"18":{"start":{"line":17,"column":13},"end":{"line":17,"column":null}},"19":{"start":{"line":18,"column":14},"end":{"line":18,"column":35}},"20":{"start":{"line":19,"column":13},"end":{"line":19,"column":52}},"21":{"start":{"line":20,"column":16},"end":{"line":20,"column":46}},"22":{"start":{"line":24,"column":13},"end":{"line":24,"column":null}},"23":{"start":{"line":25,"column":15},"end":{"line":25,"column":null}},"24":{"start":{"line":40,"column":13},"end":{"line":40,"column":null}},"25":{"start":{"line":41,"column":13},"end":{"line":41,"column":40}},"26":{"start":{"line":42,"column":13},"end":{"line":42,"column":48}},"27":{"start":{"line":46,"column":13},"end":{"line":46,"column":null}},"28":{"start":{"line":2,"column":2},"end":{"line":53,"column":19}},"29":{"start":{"line":11,"column":20},"end":{"line":11,"column":36}},"30":{"start":{"line":33,"column":22},"end":{"line":33,"column":null}},"31":{"start":{"line":48,"column":20},"end":{"line":48,"column":null}}},"fnMap":{"0":{"name":"(anonymous_0)","decl":{"start":{"line":69,"column":17},"end":{"line":69,"column":18}},"loc":{"start":{"line":69,"column":27},"end":{"line":77,"column":null}},"line":69},"1":{"name":"(anonymous_1)","decl":{"start":{"line":81,"column":4},"end":{"line":81,"column":12}},"loc":{"start":{"line":81,"column":15},"end":{"line":83,"column":5}},"line":81},"2":{"name":"(anonymous_2)","decl":{"start":{"line":84,"column":4},"end":{"line":84,"column":12}},"loc":{"start":{"line":84,"column":15},"end":{"line":86,"column":5}},"line":84},"3":{"name":"(anonymous_3)","decl":{"start":{"line":87,"column":4},"end":{"line":87,"column":11}},"loc":{"start":{"line":87,"column":14},"end":{"line":89,"column":5}},"line":87},"4":{"name":"(anonymous_4)","decl":{"start":{"line":90,"column":4},"end":{"line":90,"column":16}},"loc":{"start":{"line":90,"column":19},"end":{"line":92,"column":5}},"line":90},"5":{"name":"(anonymous_5)","decl":{"start":{"line":93,"column":4},"end":{"line":93,"column":24}},"loc":{"start":{"line":93,"column":27},"end":{"line":98,"column":5}},"line":93},"6":{"name":"(anonymous_6)","decl":{"start":{"line":99,"column":4},"end":{"line":99,"column":13}},"loc":{"start":{"line":99,"column":16},"end":{"line":101,"column":5}},"line":99},"7":{"name":"(anonymous_7)","decl":{"start":{"line":102,"column":4},"end":{"line":102,"column":13}},"loc":{"start":{"line":102,"column":16},"end":{"line":104,"column":5}},"line":102},"8":{"name":"(anonymous_8)","decl":{"start":{"line":105,"column":4},"end":{"line":105,"column":13}},"loc":{"start":{"line":105,"column":16},"end":{"line":107,"column":null}},"line":105},"9":{"name":"(anonymous_9)","decl":{"start":{"line":110,"column":4},"end":{"line":110,"column":24}},"loc":{"start":{"line":110,"column":32},"end":{"line":113,"column":5}},"line":110},"10":{"name":"(anonymous_10)","decl":{"start":{"line":114,"column":4},"end":{"line":114,"column":20}},"loc":{"start":{"line":114,"column":28},"end":{"line":116,"column":null}},"line":114},"11":{"name":"(anonymous_11)","decl":{"start":{"line":11,"column":18},"end":{"line":11,"column":20}},"loc":{"start":{"line":11,"column":20},"end":{"line":11,"column":36}},"line":11},"12":{"name":"(anonymous_12)","decl":{"start":{"line":33,"column":20},"end":{"line":33,"column":22}},"loc":{"start":{"line":33,"column":22},"end":{"line":33,"column":null}},"line":33},"13":{"name":"(anonymous_13)","decl":{"start":{"line":48,"column":18},"end":{"line":48,"column":20}},"loc":{"start":{"line":48,"column":20},"end":{"line":48,"column":null}},"line":48}},"branchMap":{"0":{"loc":{"start":{"line":71,"column":10},"end":{"line":75,"column":null}},"type":"binary-expr","locations":[{"start":{"line":71,"column":10},"end":{"line":71,"column":16}},{"start":{"line":72,"column":11},"end":{"line":72,"column":19}},{"start":{"line":72,"column":24},"end":{"line":72,"column":33}},{"start":{"line":73,"column":11},"end":{"line":73,"column":26}},{"start":{"line":73,"column":31},"end":{"line":73,"column":45}},{"start":{"line":74,"column":10},"end":{"line":74,"column":57}},{"start":{"line":75,"column":10},"end":{"line":75,"column":null}}],"line":71},"1":{"loc":{"start":{"line":82,"column":13},"end":{"line":82,"column":null}},"type":"binary-expr","locations":[{"start":{"line":82,"column":13},"end":{"line":82,"column":26}},{"start":{"line":82,"column":31},"end":{"line":82,"column":44}},{"start":{"line":82,"column":49},"end":{"line":82,"column":null}}],"line":82},"2":{"loc":{"start":{"line":85,"column":13},"end":{"line":85,"column":null}},"type":"binary-expr","locations":[{"start":{"line":85,"column":13},"end":{"line":85,"column":33}},{"start":{"line":85,"column":38},"end":{"line":85,"column":56}},{"start":{"line":85,"column":61},"end":{"line":85,"column":null}}],"line":85},"3":{"loc":{"start":{"line":88,"column":13},"end":{"line":88,"column":null}},"type":"binary-expr","locations":[{"start":{"line":88,"column":13},"end":{"line":88,"column":30}},{"start":{"line":88,"column":35},"end":{"line":88,"column":57}},{"start":{"line":88,"column":62},"end":{"line":88,"column":null}}],"line":88},"4":{"loc":{"start":{"line":91,"column":13},"end":{"line":91,"column":null}},"type":"binary-expr","locations":[{"start":{"line":91,"column":13},"end":{"line":91,"column":27}},{"start":{"line":91,"column":32},"end":{"line":91,"column":46}},{"start":{"line":91,"column":51},"end":{"line":91,"column":null}}],"line":91},"5":{"loc":{"start":{"line":95,"column":13},"end":{"line":97,"column":null}},"type":"cond-expr","locations":[{"start":{"line":96,"column":10},"end":{"line":96,"column":null}},{"start":{"line":97,"column":10},"end":{"line":97,"column":null}}],"line":95},"6":{"loc":{"start":{"line":111,"column":23},"end":{"line":111,"column":null}},"type":"binary-expr","locations":[{"start":{"line":111,"column":23},"end":{"line":111,"column":52}},{"start":{"line":111,"column":55},"end":{"line":111,"column":null}}],"line":111},"7":{"loc":{"start":{"line":11,"column":18},"end":{"line":11,"column":null}},"type":"binary-expr","locations":[{"start":{"line":11,"column":18},"end":{"line":11,"column":20}},{"start":{"line":11,"column":18},"end":{"line":11,"column":null}}],"line":11},"8":{"loc":{"start":{"line":11,"column":20},"end":{"line":11,"column":36}},"type":"binary-expr","locations":[{"start":{"line":11,"column":20},"end":{"line":11,"column":36}},{"start":{"line":11,"column":20},"end":{"line":11,"column":36}}],"line":11},"9":{"loc":{"start":{"line":33,"column":20},"end":{"line":33,"column":null}},"type":"binary-expr","locations":[{"start":{"line":33,"column":20},"end":{"line":33,"column":22}},{"start":{"line":33,"column":20},"end":{"line":33,"column":null}}],"line":33},"10":{"loc":{"start":{"line":48,"column":18},"end":{"line":48,"column":null}},"type":"binary-expr","locations":[{"start":{"line":48,"column":18},"end":{"line":48,"column":20}},{"start":{"line":48,"column":18},"end":{"line":48,"column":null}}],"line":48}},"s":{"0":1,"1":0,"2":0,"3":0,"4":0,"5":0,"6":0,"7":0,"8":0,"9":0,"10":0,"11":0,"12":0,"13":0,"14":1,"15":1,"16":1,"17":1,"18":1,"19":1,"20":1,"21":1,"22":1,"23":1,"24":1,"25":1,"26":1,"27":1,"28":0,"29":0,"30":0,"31":0},"f":{"0":0,"1":0,"2":0,"3":0,"4":0,"5":0,"6":0,"7":0,"8":0,"9":0,"10":0,"11":0,"12":0,"13":0},"b":{"0":[0,0,0,0,0,0,0],"1":[0,0,0],"2":[0,0,0],"3":[0,0,0],"4":[0,0,0],"5":[0,0],"6":[0,0],"7":[0,0],"8":[0,0],"9":[0,0],"10":[0,0]},"meta":{"lastBranch":0,"lastFunction":0,"lastStatement":0,"seen":{}}}
,"/home/gustavsonbarros/Documentos/git/vuejs-clickfarmafront/frontend/src/components/cart/EmptyCart.vue": {"path":"/home/gustavsonbarros/Documentos/git/vuejs-clickfarmafront/frontend/src/components/cart/EmptyCart.vue","statementMap":{"0":{"start":{"line":12,"column":15},"end":{"line":14,"column":null}},"1":{"start":{"line":2,"column":7},"end":{"line":2,"column":null}},"2":{"start":{"line":2,"column":2},"end":{"line":7,"column":18}},"3":{"start":{"line":7,"column":4},"end":{"line":7,"column":18}}},"fnMap":{"0":{"name":"(anonymous_0)","decl":{"start":{"line":5,"column":61},"end":{"line":5,"column":null}},"loc":{"start":{"line":7,"column":4},"end":{"line":7,"column":18}},"line":7}},"branchMap":{"0":{"loc":{"start":{"line":3,"column":4},"end":{"line":3,"column":36}},"type":"binary-expr","locations":[{"start":{"line":3,"column":4},"end":{"line":3,"column":9}},{"start":{"line":3,"column":4},"end":{"line":3,"column":36}}],"line":3},"1":{"loc":{"start":{"line":4,"column":4},"end":{"line":4,"column":58}},"type":"binary-expr","locations":[{"start":{"line":4,"column":4},"end":{"line":4,"column":7}},{"start":{"line":4,"column":4},"end":{"line":4,"column":58}}],"line":4},"2":{"loc":{"start":{"line":7,"column":4},"end":{"line":7,"column":18}},"type":"binary-expr","locations":[{"start":{"line":7,"column":4},"end":{"line":7,"column":18}},{"start":{"line":7,"column":4},"end":{"line":7,"column":18}}],"line":7}},"s":{"0":1,"1":1,"2":0,"3":0},"f":{"0":0},"b":{"0":[0,0],"1":[0,0],"2":[0,0]},"meta":{"lastBranch":0,"lastFunction":0,"lastStatement":0,"seen":{}}}
,"/home/gustavsonbarros/Documentos/git/vuejs-clickfarmafront/frontend/src/components/cart/OrderSummary.vue": {"path":"/home/gustavsonbarros/Documentos/git/vuejs-clickfarmafront/frontend/src/components/cart/OrderSummary.vue","statementMap":{"0":{"start":{"line":57,"column":15},"end":{"line":85,"column":null}},"1":{"start":{"line":64,"column":4},"end":{"line":67,"column":null}},"2":{"start":{"line":71,"column":20},"end":{"line":71,"column":47}},"3":{"start":{"line":72,"column":6},"end":{"line":72,"column":null}},"4":{"start":{"line":75,"column":16},"end":{"line":75,"column":51}},"5":{"start":{"line":76,"column":6},"end":{"line":76,"column":null}},"6":{"start":{"line":79,"column":6},"end":{"line":79,"column":null}},"7":{"start":{"line":82,"column":6},"end":{"line":82,"column":null}},"8":{"start":{"line":2,"column":7},"end":{"line":2,"column":null}},"9":{"start":{"line":6,"column":9},"end":{"line":6,"column":null}},"10":{"start":{"line":7,"column":11},"end":{"line":7,"column":null}},"11":{"start":{"line":8,"column":14},"end":{"line":8,"column":null}},"12":{"start":{"line":11,"column":14},"end":{"line":11,"column":48}},"13":{"start":{"line":24,"column":9},"end":{"line":24,"column":null}},"14":{"start":{"line":25,"column":11},"end":{"line":25,"column":null}},"15":{"start":{"line":26,"column":14},"end":{"line":26,"column":33}},"16":{"start":{"line":30,"column":11},"end":{"line":30,"column":null}},"17":{"start":{"line":39,"column":11},"end":{"line":39,"column":null}},"18":{"start":{"line":41,"column":12},"end":{"line":41,"column":50}},"19":{"start":{"line":2,"column":2},"end":{"line":52,"column":18}},"20":{"start":{"line":52,"column":4},"end":{"line":52,"column":18}}},"fnMap":{"0":{"name":"(anonymous_0)","decl":{"start":{"line":63,"column":2},"end":{"line":63,"column":6}},"loc":{"start":{"line":63,"column":9},"end":{"line":68,"column":3}},"line":63},"1":{"name":"(anonymous_1)","decl":{"start":{"line":70,"column":4},"end":{"line":70,"column":15}},"loc":{"start":{"line":70,"column":18},"end":{"line":73,"column":5}},"line":70},"2":{"name":"(anonymous_2)","decl":{"start":{"line":74,"column":4},"end":{"line":74,"column":15}},"loc":{"start":{"line":74,"column":18},"end":{"line":77,"column":5}},"line":74},"3":{"name":"(anonymous_3)","decl":{"start":{"line":78,"column":4},"end":{"line":78,"column":15}},"loc":{"start":{"line":78,"column":18},"end":{"line":80,"column":5}},"line":78},"4":{"name":"(anonymous_4)","decl":{"start":{"line":81,"column":4},"end":{"line":81,"column":14}},"loc":{"start":{"line":81,"column":17},"end":{"line":83,"column":null}},"line":81},"5":{"name":"(anonymous_5)","decl":{"start":{"line":50,"column":5},"end":{"line":50,"column":null}},"loc":{"start":{"line":52,"column":4},"end":{"line":52,"column":18}},"line":52}},"branchMap":{"0":{"loc":{"start":{"line":72,"column":13},"end":{"line":72,"column":34}},"type":"cond-expr","locations":[{"start":{"line":72,"column":25},"end":{"line":72,"column":29}},{"start":{"line":72,"column":33},"end":{"line":72,"column":34}}],"line":72},"1":{"loc":{"start":{"line":82,"column":13},"end":{"line":82,"column":79}},"type":"cond-expr","locations":[{"start":{"line":82,"column":32},"end":{"line":82,"column":41}},{"start":{"line":82,"column":45},"end":{"line":82,"column":79}}],"line":82},"2":{"loc":{"start":{"line":3,"column":4},"end":{"line":3,"column":59}},"type":"binary-expr","locations":[{"start":{"line":3,"column":4},"end":{"line":3,"column":8}},{"start":{"line":3,"column":4},"end":{"line":3,"column":59}}],"line":3},"3":{"loc":{"start":{"line":9,"column":13},"end":{"line":9,"column":null}},"type":"cond-expr","locations":[{"start":{"line":9,"column":24},"end":{"line":9,"column":71}},{"start":{"line":9,"column":24},"end":{"line":9,"column":null}}],"line":9},"4":{"loc":{"start":{"line":17,"column":20},"end":{"line":17,"column":null}},"type":"cond-expr","locations":[{"start":{"line":17,"column":31},"end":{"line":17,"column":null}},{"start":{"line":17,"column":31},"end":{"line":17,"column":null}}],"line":17},"5":{"loc":{"start":{"line":31,"column":8},"end":{"line":31,"column":46}},"type":"binary-expr","locations":[{"start":{"line":31,"column":8},"end":{"line":31,"column":14}},{"start":{"line":31,"column":8},"end":{"line":31,"column":46}}],"line":31},"6":{"loc":{"start":{"line":32,"column":22},"end":{"line":32,"column":null}},"type":"cond-expr","locations":[{"start":{"line":32,"column":33},"end":{"line":32,"column":null}},{"start":{"line":32,"column":33},"end":{"line":32,"column":null}}],"line":32},"7":{"loc":{"start":{"line":33,"column":13},"end":{"line":33,"column":null}},"type":"cond-expr","locations":[{"start":{"line":33,"column":24},"end":{"line":33,"column":46}},{"start":{"line":33,"column":24},"end":{"line":33,"column":null}}],"line":33},"8":{"loc":{"start":{"line":37,"column":6},"end":{"line":37,"column":null}},"type":"binary-expr","locations":[{"start":{"line":37,"column":6},"end":{"line":37,"column":10}},{"start":{"line":37,"column":6},"end":{"line":37,"column":null}}],"line":37},"9":{"loc":{"start":{"line":40,"column":8},"end":{"line":40,"column":54}},"type":"binary-expr","locations":[{"start":{"line":40,"column":8},"end":{"line":40,"column":12}},{"start":{"line":40,"column":8},"end":{"line":40,"column":54}}],"line":40},"10":{"loc":{"start":{"line":52,"column":4},"end":{"line":52,"column":18}},"type":"binary-expr","locations":[{"start":{"line":52,"column":4},"end":{"line":52,"column":18}},{"start":{"line":52,"column":4},"end":{"line":52,"column":18}}],"line":52}},"s":{"0":1,"1":0,"2":0,"3":0,"4":0,"5":0,"6":0,"7":0,"8":1,"9":1,"10":1,"11":1,"12":1,"13":1,"14":1,"15":1,"16":1,"17":1,"18":1,"19":0,"20":0},"f":{"0":0,"1":0,"2":0,"3":0,"4":0,"5":0},"b":{"0":[0,0],"1":[0,0],"2":[0,0],"3":[0,0],"4":[0,0],"5":[0,0],"6":[0,0],"7":[0,0],"8":[0,0],"9":[0,0],"10":[0,0]},"meta":{"lastBranch":0,"lastFunction":0,"lastStatement":0,"seen":{}}}
,"/home/gustavsonbarros/Documentos/git/vuejs-clickfarmafront/frontend/src/components/common/LoadingSpinner.vue": {"path":"/home/gustavsonbarros/Documentos/git/vuejs-clickfarmafront/frontend/src/components/common/LoadingSpinner.vue","statementMap":{"0":{"start":{"line":13,"column":15},"end":{"line":25,"column":null}},"1":{"start":{"line":3,"column":9},"end":{"line":3,"column":null}},"2":{"start":{"line":7,"column":9},"end":{"line":7,"column":25}},"3":{"start":{"line":2,"column":37},"end":{"line":7,"column":46}}},"fnMap":{},"branchMap":{"0":{"loc":{"start":{"line":2,"column":37},"end":{"line":7,"column":46}},"type":"cond-expr","locations":[{"start":{"line":2,"column":2},"end":{"line":7,"column":46}}],"line":2},"1":{"loc":{"start":{"line":4,"column":6},"end":{"line":5,"column":58}},"type":"binary-expr","locations":[{"start":{"line":4,"column":6},"end":{"line":4,"column":11}},{"start":{"line":4,"column":6},"end":{"line":5,"column":58}}],"line":4}},"s":{"0":1,"1":1,"2":1,"3":2},"f":{},"b":{"0":[2],"1":[2,2]},"meta":{"lastBranch":0,"lastFunction":0,"lastStatement":0,"seen":{}}}
,"/home/gustavsonbarros/Documentos/git/vuejs-clickfarmafront/frontend/src/components/products/ProductCard.vue": {"path":"/home/gustavsonbarros/Documentos/git/vuejs-clickfarmafront/frontend/src/components/products/ProductCard.vue","statementMap":{"0":{"start":{"line":69,"column":15},"end":{"line":122,"column":null}},"1":{"start":{"line":75,"column":4},"end":{"line":75,"column":null}},"2":{"start":{"line":79,"column":6},"end":{"line":79,"column":null}},"3":{"start":{"line":82,"column":6},"end":{"line":82,"column":null}},"4":{"start":{"line":85,"column":20},"end":{"line":85,"column":null}},"5":{"start":{"line":86,"column":6},"end":{"line":86,"column":null}},"6":{"start":{"line":89,"column":20},"end":{"line":89,"column":null}},"7":{"start":{"line":90,"column":6},"end":{"line":90,"column":null}},"8":{"start":{"line":93,"column":6},"end":{"line":93,"column":null}},"9":{"start":{"line":93,"column":29},"end":{"line":93,"column":null}},"10":{"start":{"line":94,"column":6},"end":{"line":94,"column":null}},"11":{"start":{"line":94,"column":29},"end":{"line":94,"column":null}},"12":{"start":{"line":95,"column":6},"end":{"line":95,"column":null}},"13":{"start":{"line":95,"column":27},"end":{"line":95,"column":null}},"14":{"start":{"line":96,"column":6},"end":{"line":96,"column":null}},"15":{"start":{"line":101,"column":6},"end":{"line":101,"column":null}},"16":{"start":{"line":104,"column":6},"end":{"line":104,"column":null}},"17":{"start":{"line":107,"column":6},"end":{"line":107,"column":null}},"18":{"start":{"line":108,"column":6},"end":{"line":108,"column":null}},"19":{"start":{"line":108,"column":48},"end":{"line":108,"column":null}},"20":{"start":{"line":109,"column":6},"end":{"line":109,"column":null}},"21":{"start":{"line":110,"column":6},"end":{"line":119,"column":null}},"22":{"start":{"line":111,"column":8},"end":{"line":111,"column":null}},"23":{"start":{"line":112,"column":8},"end":{"line":112,"column":null}},"24":{"start":{"line":113,"column":8},"end":{"line":113,"column":null}},"25":{"start":{"line":114,"column":8},"end":{"line":114,"column":null}},"26":{"start":{"line":114,"column":27},"end":{"line":114,"column":50}},"27":{"start":{"line":116,"column":8},"end":{"line":116,"column":null}},"28":{"start":{"line":118,"column":8},"end":{"line":118,"column":null}},"29":{"start":{"line":11,"column":20},"end":{"line":11,"column":null}},"30":{"start":{"line":12,"column":16},"end":{"line":12,"column":43}},"31":{"start":{"line":16,"column":13},"end":{"line":16,"column":null}},"32":{"start":{"line":31,"column":9},"end":{"line":31,"column":null}},"33":{"start":{"line":33,"column":12},"end":{"line":33,"column":41}},"34":{"start":{"line":36,"column":12},"end":{"line":36,"column":39}},"35":{"start":{"line":37,"column":11},"end":{"line":37,"column":38}},"36":{"start":{"line":41,"column":11},"end":{"line":41,"column":null}},"37":{"start":{"line":42,"column":13},"end":{"line":42,"column":null}},"38":{"start":{"line":43,"column":16},"end":{"line":43,"column":33}},"39":{"start":{"line":44,"column":16},"end":{"line":44,"column":39}},"40":{"start":{"line":2,"column":2},"end":{"line":61,"column":44}},"41":{"start":{"line":7,"column":41},"end":{"line":25,"column":158}},"42":{"start":{"line":8,"column":102},"end":{"line":8,"column":112}},"43":{"start":{"line":36,"column":59},"end":{"line":37,"column":62}},"44":{"start":{"line":51,"column":20},"end":{"line":51,"column":35}}},"fnMap":{"0":{"name":"(anonymous_0)","decl":{"start":{"line":74,"column":2},"end":{"line":74,"column":6}},"loc":{"start":{"line":74,"column":9},"end":{"line":76,"column":3}},"line":74},"1":{"name":"(anonymous_1)","decl":{"start":{"line":78,"column":4},"end":{"line":78,"column":12}},"loc":{"start":{"line":78,"column":15},"end":{"line":80,"column":5}},"line":78},"2":{"name":"(anonymous_2)","decl":{"start":{"line":81,"column":4},"end":{"line":81,"column":13}},"loc":{"start":{"line":81,"column":16},"end":{"line":83,"column":5}},"line":81},"3":{"name":"(anonymous_3)","decl":{"start":{"line":84,"column":4},"end":{"line":84,"column":18}},"loc":{"start":{"line":84,"column":21},"end":{"line":87,"column":5}},"line":84},"4":{"name":"(anonymous_4)","decl":{"start":{"line":88,"column":4},"end":{"line":88,"column":20}},"loc":{"start":{"line":88,"column":23},"end":{"line":91,"column":5}},"line":88},"5":{"name":"(anonymous_5)","decl":{"start":{"line":92,"column":4},"end":{"line":92,"column":19}},"loc":{"start":{"line":92,"column":22},"end":{"line":97,"column":null}},"line":92},"6":{"name":"(anonymous_6)","decl":{"start":{"line":100,"column":4},"end":{"line":100,"column":14}},"loc":{"start":{"line":100,"column":17},"end":{"line":102,"column":5}},"line":100},"7":{"name":"(anonymous_7)","decl":{"start":{"line":103,"column":4},"end":{"line":103,"column":19}},"loc":{"start":{"line":103,"column":25},"end":{"line":105,"column":5}},"line":103},"8":{"name":"(anonymous_8)","decl":{"start":{"line":106,"column":10},"end":{"line":106,"column":25}},"loc":{"start":{"line":106,"column":29},"end":{"line":120,"column":null}},"line":106},"9":{"name":"(anonymous_9)","decl":{"start":{"line":114,"column":19},"end":{"line":114,"column":20}},"loc":{"start":{"line":114,"column":25},"end":{"line":114,"column":53}},"line":114},"10":{"name":"(anonymous_10)","decl":{"start":{"line":7,"column":8},"end":{"line":7,"column":41}},"loc":{"start":{"line":7,"column":41},"end":{"line":25,"column":158}},"line":7},"11":{"name":"(anonymous_11)","decl":{"start":{"line":8,"column":100},"end":{"line":8,"column":102}},"loc":{"start":{"line":8,"column":102},"end":{"line":8,"column":112}},"line":8},"12":{"name":"(anonymous_12)","decl":{"start":{"line":23,"column":34},"end":{"line":23,"column":35}},"loc":{"start":{"line":23,"column":34},"end":{"line":23,"column":35}},"line":23},"13":{"name":"(anonymous_13)","decl":{"start":{"line":36,"column":8},"end":{"line":36,"column":12}},"loc":{"start":{"line":36,"column":59},"end":{"line":37,"column":62}},"line":36},"14":{"name":"(anonymous_14)","decl":{"start":{"line":51,"column":18},"end":{"line":51,"column":20}},"loc":{"start":{"line":51,"column":20},"end":{"line":51,"column":35}},"line":51}},"branchMap":{"0":{"loc":{"start":{"line":79,"column":13},"end":{"line":79,"column":null}},"type":"binary-expr","locations":[{"start":{"line":79,"column":13},"end":{"line":79,"column":31}},{"start":{"line":79,"column":36},"end":{"line":79,"column":null}}],"line":79},"1":{"loc":{"start":{"line":82,"column":14},"end":{"line":82,"column":39}},"type":"binary-expr","locations":[{"start":{"line":82,"column":14},"end":{"line":82,"column":33}},{"start":{"line":82,"column":38},"end":{"line":82,"column":39}}],"line":82},"2":{"loc":{"start":{"line":85,"column":20},"end":{"line":85,"column":null}},"type":"binary-expr","locations":[{"start":{"line":85,"column":20},"end":{"line":85,"column":37}},{"start":{"line":85,"column":42},"end":{"line":85,"column":59}},{"start":{"line":85,"column":64},"end":{"line":85,"column":null}}],"line":85},"3":{"loc":{"start":{"line":89,"column":20},"end":{"line":89,"column":null}},"type":"binary-expr","locations":[{"start":{"line":89,"column":20},"end":{"line":89,"column":37}},{"start":{"line":89,"column":42},"end":{"line":89,"column":59}},{"start":{"line":89,"column":64},"end":{"line":89,"column":null}}],"line":89},"4":{"loc":{"start":{"line":93,"column":6},"end":{"line":93,"column":null}},"type":"if","locations":[{"start":{"line":93,"column":6},"end":{"line":93,"column":null}},{"start":{},"end":{}}],"line":93},"5":{"loc":{"start":{"line":94,"column":6},"end":{"line":94,"column":null}},"type":"if","locations":[{"start":{"line":94,"column":6},"end":{"line":94,"column":null}},{"start":{},"end":{}}],"line":94},"6":{"loc":{"start":{"line":95,"column":6},"end":{"line":95,"column":null}},"type":"if","locations":[{"start":{"line":95,"column":6},"end":{"line":95,"column":null}},{"start":{},"end":{}}],"line":95},"7":{"loc":{"start":{"line":104,"column":13},"end":{"line":104,"column":null}},"type":"binary-expr","locations":[{"start":{"line":104,"column":13},"end":{"line":104,"column":111}},{"start":{"line":104,"column":114},"end":{"line":104,"column":null}}],"line":104},"8":{"loc":{"start":{"line":108,"column":6},"end":{"line":108,"column":null}},"type":"if","locations":[{"start":{"line":108,"column":6},"end":{"line":108,"column":null}},{"start":{},"end":{}}],"line":108},"9":{"loc":{"start":{"line":108,"column":10},"end":{"line":108,"column":46}},"type":"binary-expr","locations":[{"start":{"line":108,"column":10},"end":{"line":108,"column":24}},{"start":{"line":108,"column":29},"end":{"line":108,"column":46}}],"line":108},"10":{"loc":{"start":{"line":8,"column":19},"end":{"line":12,"column":91}},"type":"cond-expr","locations":[{"start":{"line":8,"column":8},"end":{"line":8,"column":131}},{"start":{"line":11,"column":8},"end":{"line":12,"column":91}}],"line":8},"11":{"loc":{"start":{"line":8,"column":100},"end":{"line":8,"column":114}},"type":"binary-expr","locations":[{"start":{"line":8,"column":100},"end":{"line":8,"column":102}},{"start":{"line":8,"column":100},"end":{"line":8,"column":114}}],"line":8},"12":{"loc":{"start":{"line":8,"column":102},"end":{"line":8,"column":112}},"type":"binary-expr","locations":[{"start":{"line":8,"column":102},"end":{"line":8,"column":112}},{"start":{"line":8,"column":102},"end":{"line":8,"column":112}}],"line":8},"13":{"loc":{"start":{"line":17,"column":47},"end":{"line":17,"column":null}},"type":"cond-expr","locations":[{"start":{"line":17,"column":56},"end":{"line":17,"column":null}},{"start":{"line":17,"column":56},"end":{"line":17,"column":null}}],"line":17},"14":{"loc":{"start":{"line":18,"column":15},"end":{"line":18,"column":null}},"type":"cond-expr","locations":[{"start":{"line":18,"column":24},"end":{"line":18,"column":null}},{"start":{"line":18,"column":24},"end":{"line":18,"column":null}}],"line":18},"15":{"loc":{"start":{"line":23,"column":40},"end":{"line":23,"column":54}},"type":"binary-expr","locations":[{"start":{"line":23,"column":40},"end":{"line":23,"column":53}},{"start":{"line":23,"column":40},"end":{"line":23,"column":54}}],"line":23},"16":{"loc":{"start":{"line":49,"column":21},"end":{"line":49,"column":49}},"type":"binary-expr","locations":[{"start":{"line":49,"column":21},"end":{"line":49,"column":33}},{"start":{"line":49,"column":37},"end":{"line":49,"column":49}}],"line":49},"17":{"loc":{"start":{"line":51,"column":18},"end":{"line":51,"column":null}},"type":"binary-expr","locations":[{"start":{"line":51,"column":18},"end":{"line":51,"column":20}},{"start":{"line":51,"column":18},"end":{"line":51,"column":null}}],"line":51},"18":{"loc":{"start":{"line":51,"column":20},"end":{"line":51,"column":35}},"type":"binary-expr","locations":[{"start":{"line":51,"column":20},"end":{"line":51,"column":35}},{"start":{"line":51,"column":20},"end":{"line":51,"column":35}}],"line":51},"19":{"loc":{"start":{"line":53,"column":22},"end":{"line":59,"column":87}},"type":"cond-expr","locations":[{"start":{"line":53,"column":10},"end":{"line":53,"column":null}},{"start":{"line":54,"column":26},"end":{"line":59,"column":87}}],"line":53},"20":{"loc":{"start":{"line":54,"column":26},"end":{"line":59,"column":87}},"type":"cond-expr","locations":[{"start":{"line":54,"column":10},"end":{"line":55,"column":47}},{"start":{"line":57,"column":10},"end":{"line":59,"column":87}}],"line":54},"21":{"loc":{"start":{"line":56,"column":16},"end":{"line":55,"column":47}},"type":"binary-expr","locations":[{"start":{"line":56,"column":16},"end":{"line":56,"column":null}},{"start":{"line":56,"column":16},"end":{"line":55,"column":47}}],"line":56},"22":{"loc":{"start":{"line":60,"column":16},"end":{"line":59,"column":87}},"type":"binary-expr","locations":[{"start":{"line":60,"column":16},"end":{"line":60,"column":null}},{"start":{"line":60,"column":16},"end":{"line":59,"column":87}}],"line":60}},"s":{"0":1,"1":3,"2":3,"3":3,"4":3,"5":3,"6":3,"7":3,"8":5,"9":1,"10":4,"11":1,"12":3,"13":1,"14":2,"15":0,"16":3,"17":1,"18":1,"19":0,"20":1,"21":1,"22":1,"23":1,"24":1,"25":1,"26":0,"27":0,"28":1,"29":1,"30":1,"31":1,"32":1,"33":1,"34":1,"35":1,"36":1,"37":1,"38":1,"39":1,"40":5,"41":3,"42":0,"43":3,"44":1},"f":{"0":3,"1":3,"2":3,"3":3,"4":3,"5":5,"6":0,"7":3,"8":1,"9":0,"10":3,"11":0,"12":0,"13":3,"14":1},"b":{"0":[3,0],"1":[3,1],"2":[3,0,0],"3":[3,0,0],"4":[1,4],"5":[1,3],"6":[1,2],"7":[3,0],"8":[0,1],"9":[1,1],"10":[0,3],"11":[0,0],"12":[0,0],"13":[2,1],"14":[2,1],"15":[3,3],"16":[5,4],"17":[5,3],"18":[1,1],"19":[1,4],"20":[1,3],"21":[1,1],"22":[3,3]},"meta":{"lastBranch":0,"lastFunction":0,"lastStatement":0,"seen":{}}}
,"/home/gustavsonbarros/Documentos/git/vuejs-clickfarmafront/frontend/src/services/api.js": {"path":"/home/gustavsonbarros/Documentos/git/vuejs-clickfarmafront/frontend/src/services/api.js","statementMap":{"0":{"start":{"line":8,"column":4},"end":{"line":9,"column":10}},"1":{"start":{"line":11,"column":12},"end":{"line":16,"column":2}},"2":{"start":{"line":19,"column":0},"end":{"line":32,"column":null}},"3":{"start":{"line":22,"column":22},"end":{"line":22,"column":95}},"4":{"start":{"line":24,"column":8},"end":{"line":26,"column":null}},"5":{"start":{"line":25,"column":12},"end":{"line":25,"column":null}},"6":{"start":{"line":27,"column":8},"end":{"line":27,"column":null}},"7":{"start":{"line":30,"column":8},"end":{"line":30,"column":null}},"8":{"start":{"line":35,"column":0},"end":{"line":49,"column":null}},"9":{"start":{"line":37,"column":8},"end":{"line":37,"column":null}},"10":{"start":{"line":40,"column":8},"end":{"line":46,"column":null}},"11":{"start":{"line":41,"column":12},"end":{"line":41,"column":null}},"12":{"start":{"line":42,"column":12},"end":{"line":42,"column":null}},"13":{"start":{"line":43,"column":12},"end":{"line":45,"column":null}},"14":{"start":{"line":44,"column":16},"end":{"line":44,"column":null}},"15":{"start":{"line":47,"column":8},"end":{"line":47,"column":null}}},"fnMap":{"0":{"name":"(anonymous_0)","decl":{"start":{"line":20,"column":4},"end":{"line":20,"column":5}},"loc":{"start":{"line":20,"column":16},"end":{"line":28,"column":5}},"line":20},"1":{"name":"(anonymous_1)","decl":{"start":{"line":29,"column":4},"end":{"line":29,"column":5}},"loc":{"start":{"line":29,"column":15},"end":{"line":31,"column":null}},"line":29},"2":{"name":"(anonymous_2)","decl":{"start":{"line":36,"column":4},"end":{"line":36,"column":5}},"loc":{"start":{"line":36,"column":18},"end":{"line":38,"column":5}},"line":36},"3":{"name":"(anonymous_3)","decl":{"start":{"line":39,"column":4},"end":{"line":39,"column":5}},"loc":{"start":{"line":39,"column":15},"end":{"line":48,"column":null}},"line":39}},"branchMap":{"0":{"loc":{"start":{"line":8,"column":4},"end":{"line":9,"column":10}},"type":"binary-expr","locations":[{"start":{"line":8,"column":5},"end":{"line":8,"column":35}},{"start":{"line":8,"column":39},"end":{"line":8,"column":50}},{"start":{"line":8,"column":55},"end":{"line":8,"column":87}},{"start":{"line":8,"column":91},"end":{"line":8,"column":118}},{"start":{"line":9,"column":4},"end":{"line":9,"column":10}}],"line":8},"1":{"loc":{"start":{"line":22,"column":22},"end":{"line":22,"column":95}},"type":"binary-expr","locations":[{"start":{"line":22,"column":22},"end":{"line":22,"column":55}},{"start":{"line":22,"column":59},"end":{"line":22,"column":95}}],"line":22},"2":{"loc":{"start":{"line":24,"column":8},"end":{"line":26,"column":null}},"type":"if","locations":[{"start":{"line":24,"column":8},"end":{"line":26,"column":null}},{"start":{},"end":{}}],"line":24},"3":{"loc":{"start":{"line":24,"column":12},"end":{"line":24,"column":50}},"type":"binary-expr","locations":[{"start":{"line":24,"column":12},"end":{"line":24,"column":17}},{"start":{"line":24,"column":21},"end":{"line":24,"column":50}}],"line":24},"4":{"loc":{"start":{"line":40,"column":8},"end":{"line":46,"column":null}},"type":"if","locations":[{"start":{"line":40,"column":8},"end":{"line":46,"column":null}},{"start":{},"end":{}}],"line":40},"5":{"loc":{"start":{"line":43,"column":12},"end":{"line":45,"column":null}},"type":"if","locations":[{"start":{"line":43,"column":12},"end":{"line":45,"column":null}},{"start":{},"end":{}}],"line":43}},"s":{"0":1,"1":1,"2":1,"3":0,"4":0,"5":0,"6":0,"7":0,"8":1,"9":0,"10":0,"11":0,"12":0,"13":0,"14":0,"15":0},"f":{"0":0,"1":0,"2":0,"3":0},"b":{"0":[1,1,1,1,1],"1":[0,0],"2":[0,0],"3":[0,0],"4":[0,0],"5":[0,0]},"meta":{"lastBranch":6,"lastFunction":4,"lastStatement":16,"seen":{"s:8:4:9:10":0,"b:8:5:8:35:8:39:8:50:8:55:8:87:8:91:8:118:9:4:9:10":0,"s:11:12:16:2":1,"s:19:0:32:Infinity":2,"f:20:4:20:5":0,"s:22:22:22:95":3,"b:22:22:22:55:22:59:22:95":1,"b:24:8:26:Infinity:undefined:undefined:undefined:undefined":2,"s:24:8:26:Infinity":4,"b:24:12:24:17:24:21:24:50":3,"s:25:12:25:Infinity":5,"s:27:8:27:Infinity":6,"f:29:4:29:5":1,"s:30:8:30:Infinity":7,"s:35:0:49:Infinity":8,"f:36:4:36:5":2,"s:37:8:37:Infinity":9,"f:39:4:39:5":3,"b:40:8:46:Infinity:undefined:undefined:undefined:undefined":4,"s:40:8:46:Infinity":10,"s:41:12:41:Infinity":11,"s:42:12:42:Infinity":12,"b:43:12:45:Infinity:undefined:undefined:undefined:undefined":5,"s:43:12:45:Infinity":13,"s:44:16:44:Infinity":14,"s:47:8:47:Infinity":15}}}
,"/home/gustavsonbarros/Documentos/git/vuejs-clickfarmafront/frontend/src/utils/formatters.js": {"path":"/home/gustavsonbarros/Documentos/git/vuejs-clickfarmafront/frontend/src/utils/formatters.js","statementMap":{"0":{"start":{"line":2,"column":27},"end":{"line":8,"column":null}},"1":{"start":{"line":3,"column":2},"end":{"line":3,"column":null}},"2":{"start":{"line":3,"column":29},"end":{"line":3,"column":null}},"3":{"start":{"line":4,"column":2},"end":{"line":7,"column":null}},"4":{"start":{"line":10,"column":26},"end":{"line":18,"column":null}},"5":{"start":{"line":11,"column":2},"end":{"line":11,"column":null}},"6":{"start":{"line":11,"column":13},"end":{"line":11,"column":null}},"7":{"start":{"line":12,"column":2},"end":{"line":15,"column":null}},"8":{"start":{"line":13,"column":22},"end":{"line":13,"column":null}},"9":{"start":{"line":14,"column":4},"end":{"line":14,"column":null}},"10":{"start":{"line":16,"column":12},"end":{"line":16,"column":null}},"11":{"start":{"line":17,"column":2},"end":{"line":17,"column":null}},"12":{"start":{"line":20,"column":31},"end":{"line":23,"column":null}},"13":{"start":{"line":21,"column":2},"end":{"line":21,"column":null}},"14":{"start":{"line":21,"column":12},"end":{"line":21,"column":null}},"15":{"start":{"line":22,"column":2},"end":{"line":22,"column":null}}},"fnMap":{"0":{"name":"(anonymous_0)","decl":{"start":{"line":2,"column":27},"end":{"line":2,"column":28}},"loc":{"start":{"line":2,"column":38},"end":{"line":8,"column":null}},"line":2},"1":{"name":"(anonymous_1)","decl":{"start":{"line":10,"column":26},"end":{"line":10,"column":27}},"loc":{"start":{"line":10,"column":36},"end":{"line":18,"column":null}},"line":10},"2":{"name":"(anonymous_2)","decl":{"start":{"line":20,"column":31},"end":{"line":20,"column":32}},"loc":{"start":{"line":20,"column":40},"end":{"line":23,"column":null}},"line":20}},"branchMap":{"0":{"loc":{"start":{"line":3,"column":2},"end":{"line":3,"column":null}},"type":"if","locations":[{"start":{"line":3,"column":2},"end":{"line":3,"column":null}},{"start":{},"end":{}}],"line":3},"1":{"loc":{"start":{"line":3,"column":6},"end":{"line":3,"column":27}},"type":"binary-expr","locations":[{"start":{"line":3,"column":6},"end":{"line":3,"column":12}},{"start":{"line":3,"column":16},"end":{"line":3,"column":27}}],"line":3},"2":{"loc":{"start":{"line":11,"column":2},"end":{"line":11,"column":null}},"type":"if","locations":[{"start":{"line":11,"column":2},"end":{"line":11,"column":null}},{"start":{},"end":{}}],"line":11},"3":{"loc":{"start":{"line":12,"column":2},"end":{"line":15,"column":null}},"type":"if","locations":[{"start":{"line":12,"column":2},"end":{"line":15,"column":null}},{"start":{},"end":{}}],"line":12},"4":{"loc":{"start":{"line":12,"column":6},"end":{"line":12,"column":66}},"type":"binary-expr","locations":[{"start":{"line":12,"column":6},"end":{"line":12,"column":30}},{"start":{"line":12,"column":34},"end":{"line":12,"column":66}}],"line":12},"5":{"loc":{"start":{"line":21,"column":2},"end":{"line":21,"column":null}},"type":"if","locations":[{"start":{"line":21,"column":2},"end":{"line":21,"column":null}},{"start":{},"end":{}}],"line":21}},"s":{"0":1,"1":7,"2":3,"3":4,"4":1,"5":4,"6":2,"7":2,"8":1,"9":1,"10":1,"11":1,"12":1,"13":3,"14":1,"15":2},"f":{"0":7,"1":4,"2":3},"b":{"0":[3,4],"1":[7,4],"2":[2,2],"3":[1,1],"4":[2,1],"5":[1,2]},"meta":{"lastBranch":6,"lastFunction":3,"lastStatement":16,"seen":{"s:2:27:8:Infinity":0,"f:2:27:2:28":0,"b:3:2:3:Infinity:undefined:undefined:undefined:undefined":0,"s:3:2:3:Infinity":1,"b:3:6:3:12:3:16:3:27":1,"s:3:29:3:Infinity":2,"s:4:2:7:Infinity":3,"s:10:26:18:Infinity":4,"f:10:26:10:27":1,"b:11:2:11:Infinity:undefined:undefined:undefined:undefined":2,"s:11:2:11:Infinity":5,"s:11:13:11:Infinity":6,"b:12:2:15:Infinity:undefined:undefined:undefined:undefined":3,"s:12:2:15:Infinity":7,"b:12:6:12:30:12:34:12:66":4,"s:13:22:13:Infinity":8,"s:14:4:14:Infinity":9,"s:16:12:16:Infinity":10,"s:17:2:17:Infinity":11,"s:20:31:23:Infinity":12,"f:20:31:20:32":2,"b:21:2:21:Infinity:undefined:undefined:undefined:undefined":5,"s:21:2:21:Infinity":13,"s:21:12:21:Infinity":14,"s:22:2:22:Infinity":15}}}
,"/home/gustavsonbarros/Documentos/git/vuejs-clickfarmafront/frontend/src/utils/placeholder.js": {"path":"/home/gustavsonbarros/Documentos/git/vuejs-clickfarmafront/frontend/src/utils/placeholder.js","statementMap":{"0":{"start":{"line":2,"column":33},"end":{"line":37,"column":1}},"1":{"start":{"line":4,"column":4},"end":{"line":6,"column":null}},"2":{"start":{"line":5,"column":6},"end":{"line":5,"column":null}},"3":{"start":{"line":7,"column":4},"end":{"line":7,"column":null}},"4":{"start":{"line":11,"column":4},"end":{"line":11,"column":null}},"5":{"start":{"line":12,"column":4},"end":{"line":12,"column":null}},"6":{"start":{"line":13,"column":4},"end":{"line":13,"column":32}},"7":{"start":{"line":14,"column":4},"end":{"line":14,"column":null}},"8":{"start":{"line":19,"column":19},"end":{"line":24,"column":5}},"9":{"start":{"line":25,"column":4},"end":{"line":25,"column":null}},"10":{"start":{"line":30,"column":4},"end":{"line":35,"column":null}},"11":{"start":{"line":31,"column":18},"end":{"line":31,"column":29}},"12":{"start":{"line":32,"column":6},"end":{"line":32,"column":null}},"13":{"start":{"line":32,"column":25},"end":{"line":32,"column":38}},"14":{"start":{"line":33,"column":6},"end":{"line":33,"column":null}},"15":{"start":{"line":33,"column":26},"end":{"line":33,"column":40}},"16":{"start":{"line":34,"column":6},"end":{"line":34,"column":null}}},"fnMap":{"0":{"name":"(anonymous_0)","decl":{"start":{"line":3,"column":19},"end":{"line":3,"column":20}},"loc":{"start":{"line":3,"column":34},"end":{"line":8,"column":3}},"line":3},"1":{"name":"(anonymous_1)","decl":{"start":{"line":10,"column":20},"end":{"line":10,"column":21}},"loc":{"start":{"line":10,"column":73},"end":{"line":15,"column":3}},"line":10},"2":{"name":"(anonymous_2)","decl":{"start":{"line":18,"column":16},"end":{"line":18,"column":17}},"loc":{"start":{"line":18,"column":31},"end":{"line":26,"column":3}},"line":18},"3":{"name":"(anonymous_3)","decl":{"start":{"line":29,"column":15},"end":{"line":29,"column":16}},"loc":{"start":{"line":29,"column":24},"end":{"line":36,"column":null}},"line":29},"4":{"name":"(anonymous_4)","decl":{"start":{"line":30,"column":23},"end":{"line":30,"column":24}},"loc":{"start":{"line":30,"column":36},"end":{"line":35,"column":5}},"line":30},"5":{"name":"(anonymous_5)","decl":{"start":{"line":32,"column":19},"end":{"line":32,"column":20}},"loc":{"start":{"line":32,"column":25},"end":{"line":32,"column":38}},"line":32},"6":{"name":"(anonymous_6)","decl":{"start":{"line":33,"column":20},"end":{"line":33,"column":21}},"loc":{"start":{"line":33,"column":26},"end":{"line":33,"column":40}},"line":33}},"branchMap":{"0":{"loc":{"start":{"line":4,"column":4},"end":{"line":6,"column":null}},"type":"if","locations":[{"start":{"line":4,"column":4},"end":{"line":6,"column":null}},{"start":{},"end":{}}],"line":4},"1":{"loc":{"start":{"line":4,"column":8},"end":{"line":4,"column":55}},"type":"binary-expr","locations":[{"start":{"line":4,"column":8},"end":{"line":4,"column":18}},{"start":{"line":4,"column":22},"end":{"line":4,"column":55}}],"line":4},"2":{"loc":{"start":{"line":10,"column":28},"end":{"line":10,"column":68}},"type":"default-arg","locations":[{"start":{"line":10,"column":42},"end":{"line":10,"column":68}}],"line":10},"3":{"loc":{"start":{"line":25,"column":11},"end":{"line":25,"column":58}},"type":"binary-expr","locations":[{"start":{"line":25,"column":11},"end":{"line":25,"column":28}},{"start":{"line":25,"column":32},"end":{"line":25,"column":58}}],"line":25}},"s":{"0":1,"1":0,"2":0,"3":0,"4":0,"5":0,"6":0,"7":0,"8":0,"9":0,"10":0,"11":0,"12":0,"13":0,"14":0,"15":0,"16":0},"f":{"0":0,"1":0,"2":0,"3":0,"4":0,"5":0,"6":0},"b":{"0":[0,0],"1":[0,0],"2":[0],"3":[0,0]},"meta":{"lastBranch":4,"lastFunction":7,"lastStatement":17,"seen":{"s:2:33:37:1":0,"f:3:19:3:20":0,"b:4:4:6:Infinity:undefined:undefined:undefined:undefined":0,"s:4:4:6:Infinity":1,"b:4:8:4:18:4:22:4:55":1,"s:5:6:5:Infinity":2,"s:7:4:7:Infinity":3,"f:10:20:10:21":1,"b:10:42:10:68":2,"s:11:4:11:Infinity":4,"s:12:4:12:Infinity":5,"s:13:4:13:32":6,"s:14:4:14:Infinity":7,"f:18:16:18:17":2,"s:19:19:24:5":8,"s:25:4:25:Infinity":9,"b:25:11:25:28:25:32:25:58":3,"f:29:15:29:16":3,"s:30:4:35:Infinity":10,"f:30:23:30:24":4,"s:31:18:31:29":11,"s:32:6:32:Infinity":12,"f:32:19:32:20":5,"s:32:25:32:38":13,"s:33:6:33:Infinity":14,"f:33:20:33:21":6,"s:33:26:33:40":15,"s:34:6:34:Infinity":16}}}
,"/home/gustavsonbarros/Documentos/git/vuejs-clickfarmafront/frontend/src/views/Cart.vue": {"path":"/home/gustavsonbarros/Documentos/git/vuejs-clickfarmafront/frontend/src/views/Cart.vue","statementMap":{"0":{"start":{"line":49,"column":15},"end":{"line":72,"column":null}},"1":{"start":{"line":58,"column":4},"end":{"line":58,"column":null}},"2":{"start":{"line":68,"column":28},"end":{"line":68,"column":null}},"3":{"start":{"line":69,"column":6},"end":{"line":69,"column":null}},"4":{"start":{"line":2,"column":7},"end":{"line":2,"column":null}},"5":{"start":{"line":16,"column":11},"end":{"line":16,"column":null}},"6":{"start":{"line":18,"column":13},"end":{"line":18,"column":null}},"7":{"start":{"line":19,"column":15},"end":{"line":19,"column":null}},"8":{"start":{"line":31,"column":13},"end":{"line":31,"column":null}},"9":{"start":{"line":2,"column":2},"end":{"line":34,"column":null}},"10":{"start":{"line":20,"column":12},"end":{"line":25,"column":null}}},"fnMap":{"0":{"name":"(anonymous_0)","decl":{"start":{"line":57,"column":2},"end":{"line":57,"column":9}},"loc":{"start":{"line":57,"column":12},"end":{"line":59,"column":3}},"line":57},"1":{"name":"(anonymous_1)","decl":{"start":{"line":67,"column":4},"end":{"line":67,"column":18}},"loc":{"start":{"line":67,"column":40},"end":{"line":70,"column":null}},"line":67},"2":{"name":"(anonymous_2)","decl":{"start":{"line":21,"column":35},"end":{"line":21,"column":null}},"loc":{"start":{"line":21,"column":27},"end":{"line":25,"column":null}},"line":21}},"branchMap":{"0":{"loc":{"start":{"line":3,"column":4},"end":{"line":3,"column":47}},"type":"binary-expr","locations":[{"start":{"line":3,"column":4},"end":{"line":3,"column":8}},{"start":{"line":3,"column":4},"end":{"line":3,"column":47}}],"line":3},"1":{"loc":{"start":{"line":6,"column":21},"end":{"line":34,"column":null}},"type":"cond-expr","locations":[{"start":{"line":6,"column":4},"end":{"line":6,"column":null}},{"start":{"line":9,"column":4},"end":{"line":34,"column":null}}],"line":6}},"s":{"0":1,"1":2,"2":0,"3":0,"4":1,"5":1,"6":1,"7":1,"8":1,"9":2,"10":2},"f":{"0":2,"1":0,"2":2},"b":{"0":[2,2],"1":[1,1]},"meta":{"lastBranch":0,"lastFunction":0,"lastStatement":0,"seen":{}}}
,"/home/gustavsonbarros/Documentos/git/vuejs-clickfarmafront/frontend/src/views/Login.vue": {"path":"/home/gustavsonbarros/Documentos/git/vuejs-clickfarmafront/frontend/src/views/Login.vue","statementMap":{"0":{"start":{"line":80,"column":15},"end":{"line":196,"column":null}},"1":{"start":{"line":84,"column":4},"end":{"line":92,"column":null}},"2":{"start":{"line":95,"column":4},"end":{"line":95,"column":null}},"3":{"start":{"line":101,"column":6},"end":{"line":103,"column":null}},"4":{"start":{"line":102,"column":8},"end":{"line":102,"column":null}},"5":{"start":{"line":107,"column":6},"end":{"line":107,"column":null}},"6":{"start":{"line":109,"column":6},"end":{"line":113,"column":null}},"7":{"start":{"line":110,"column":8},"end":{"line":110,"column":null}},"8":{"start":{"line":111,"column":8},"end":{"line":111,"column":null}},"9":{"start":{"line":112,"column":8},"end":{"line":112,"column":null}},"10":{"start":{"line":115,"column":6},"end":{"line":119,"column":null}},"11":{"start":{"line":116,"column":8},"end":{"line":116,"column":null}},"12":{"start":{"line":117,"column":8},"end":{"line":117,"column":null}},"13":{"start":{"line":118,"column":8},"end":{"line":118,"column":null}},"14":{"start":{"line":121,"column":6},"end":{"line":125,"column":null}},"15":{"start":{"line":122,"column":8},"end":{"line":122,"column":null}},"16":{"start":{"line":123,"column":8},"end":{"line":123,"column":null}},"17":{"start":{"line":124,"column":8},"end":{"line":124,"column":null}},"18":{"start":{"line":127,"column":6},"end":{"line":127,"column":null}},"19":{"start":{"line":131,"column":6},"end":{"line":137,"column":null}},"20":{"start":{"line":132,"column":8},"end":{"line":132,"column":null}},"21":{"start":{"line":133,"column":8},"end":{"line":136,"column":null}},"22":{"start":{"line":141,"column":6},"end":{"line":143,"column":null}},"23":{"start":{"line":142,"column":8},"end":{"line":142,"column":null}},"24":{"start":{"line":147,"column":6},"end":{"line":152,"column":null}},"25":{"start":{"line":148,"column":8},"end":{"line":148,"column":null}},"26":{"start":{"line":149,"column":8},"end":{"line":151,"column":null}},"27":{"start":{"line":150,"column":10},"end":{"line":150,"column":null}},"28":{"start":{"line":156,"column":6},"end":{"line":159,"column":null}},"29":{"start":{"line":157,"column":8},"end":{"line":157,"column":null}},"30":{"start":{"line":158,"column":8},"end":{"line":158,"column":null}},"31":{"start":{"line":161,"column":6},"end":{"line":161,"column":null}},"32":{"start":{"line":163,"column":6},"end":{"line":193,"column":null}},"33":{"start":{"line":164,"column":29},"end":{"line":167,"column":9}},"34":{"start":{"line":168,"column":21},"end":{"line":168,"column":51}},"35":{"start":{"line":171,"column":25},"end":{"line":171,"column":55}},"36":{"start":{"line":172,"column":8},"end":{"line":172,"column":null}},"37":{"start":{"line":174,"column":8},"end":{"line":174,"column":null}},"38":{"start":{"line":177,"column":8},"end":{"line":177,"column":null}},"39":{"start":{"line":180,"column":8},"end":{"line":188,"column":null}},"40":{"start":{"line":181,"column":10},"end":{"line":181,"column":null}},"41":{"start":{"line":182,"column":10},"end":{"line":182,"column":null}},"42":{"start":{"line":183,"column":15},"end":{"line":188,"column":null}},"43":{"start":{"line":184,"column":10},"end":{"line":184,"column":null}},"44":{"start":{"line":185,"column":10},"end":{"line":185,"column":null}},"45":{"start":{"line":187,"column":10},"end":{"line":187,"column":null}},"46":{"start":{"line":190,"column":8},"end":{"line":190,"column":null}},"47":{"start":{"line":192,"column":8},"end":{"line":192,"column":null}},"48":{"start":{"line":2,"column":7},"end":{"line":2,"column":null}},"49":{"start":{"line":3,"column":9},"end":{"line":3,"column":null}},"50":{"start":{"line":4,"column":11},"end":{"line":4,"column":null}},"51":{"start":{"line":5,"column":13},"end":{"line":5,"column":null}},"52":{"start":{"line":9,"column":15},"end":{"line":9,"column":null}},"53":{"start":{"line":11,"column":19},"end":{"line":11,"column":null}},"54":{"start":{"line":28,"column":19},"end":{"line":28,"column":null}},"55":{"start":{"line":58,"column":17},"end":{"line":58,"column":null}},"56":{"start":{"line":59,"column":17},"end":{"line":59,"column":30}},"57":{"start":{"line":62,"column":17},"end":{"line":62,"column":null}},"58":{"start":{"line":2,"column":2},"end":{"line":66,"column":30}},"59":{"start":{"line":10,"column":35},"end":{"line":10,"column":46}},"60":{"start":{"line":17,"column":27},"end":{"line":17,"column":null}},"61":{"start":{"line":20,"column":26},"end":{"line":20,"column":null}},"62":{"start":{"line":34,"column":27},"end":{"line":34,"column":null}},"63":{"start":{"line":37,"column":26},"end":{"line":37,"column":null}},"64":{"start":{"line":60,"column":76},"end":{"line":60,"column":90}},"65":{"start":{"line":64,"column":61},"end":{"line":66,"column":30}}},"fnMap":{"0":{"name":"(anonymous_0)","decl":{"start":{"line":83,"column":2},"end":{"line":83,"column":6}},"loc":{"start":{"line":83,"column":9},"end":{"line":93,"column":3}},"line":83},"1":{"name":"(anonymous_1)","decl":{"start":{"line":94,"column":2},"end":{"line":94,"column":9}},"loc":{"start":{"line":94,"column":12},"end":{"line":96,"column":3}},"line":94},"2":{"name":"(anonymous_2)","decl":{"start":{"line":100,"column":4},"end":{"line":100,"column":19}},"loc":{"start":{"line":100,"column":22},"end":{"line":104,"column":5}},"line":100},"3":{"name":"(anonymous_3)","decl":{"start":{"line":106,"column":4},"end":{"line":106,"column":16}},"loc":{"start":{"line":106,"column":19},"end":{"line":128,"column":5}},"line":106},"4":{"name":"(anonymous_4)","decl":{"start":{"line":130,"column":4},"end":{"line":130,"column":16}},"loc":{"start":{"line":130,"column":27},"end":{"line":138,"column":5}},"line":130},"5":{"name":"(anonymous_5)","decl":{"start":{"line":140,"column":4},"end":{"line":140,"column":19}},"loc":{"start":{"line":140,"column":31},"end":{"line":144,"column":5}},"line":140},"6":{"name":"(anonymous_6)","decl":{"start":{"line":146,"column":4},"end":{"line":146,"column":13}},"loc":{"start":{"line":146,"column":16},"end":{"line":153,"column":5}},"line":146},"7":{"name":"(anonymous_7)","decl":{"start":{"line":149,"column":19},"end":{"line":149,"column":20}},"loc":{"start":{"line":149,"column":25},"end":{"line":151,"column":9}},"line":149},"8":{"name":"(anonymous_8)","decl":{"start":{"line":155,"column":10},"end":{"line":155,"column":21}},"loc":{"start":{"line":155,"column":24},"end":{"line":194,"column":null}},"line":155},"9":{"name":"(anonymous_9)","decl":{"start":{"line":10,"column":25},"end":{"line":10,"column":35}},"loc":{"start":{"line":10,"column":35},"end":{"line":10,"column":46}},"line":10},"10":{"name":"(anonymous_10)","decl":{"start":{"line":17,"column":27},"end":{"line":17,"column":38}},"loc":{"start":{"line":17,"column":27},"end":{"line":17,"column":null}},"line":17},"11":{"name":"(anonymous_11)","decl":{"start":{"line":20,"column":24},"end":{"line":20,"column":26}},"loc":{"start":{"line":20,"column":26},"end":{"line":20,"column":null}},"line":20},"12":{"name":"(anonymous_12)","decl":{"start":{"line":34,"column":27},"end":{"line":34,"column":38}},"loc":{"start":{"line":34,"column":27},"end":{"line":34,"column":null}},"line":34},"13":{"name":"(anonymous_13)","decl":{"start":{"line":37,"column":24},"end":{"line":37,"column":26}},"loc":{"start":{"line":37,"column":26},"end":{"line":37,"column":null}},"line":37},"14":{"name":"(anonymous_14)","decl":{"start":{"line":60,"column":60},"end":{"line":60,"column":76}},"loc":{"start":{"line":60,"column":76},"end":{"line":60,"column":90}},"line":60},"15":{"name":"(anonymous_15)","decl":{"start":{"line":64,"column":18},"end":{"line":64,"column":21}},"loc":{"start":{"line":64,"column":61},"end":{"line":66,"column":30}},"line":64}},"branchMap":{"0":{"loc":{"start":{"line":85,"column":22},"end":{"line":85,"column":111}},"type":"binary-expr","locations":[{"start":{"line":85,"column":22},"end":{"line":85,"column":57}},{"start":{"line":85,"column":62},"end":{"line":85,"column":111}}],"line":85},"1":{"loc":{"start":{"line":101,"column":6},"end":{"line":103,"column":null}},"type":"if","locations":[{"start":{"line":101,"column":6},"end":{"line":103,"column":null}},{"start":{},"end":{}}],"line":101},"2":{"loc":{"start":{"line":109,"column":6},"end":{"line":113,"column":null}},"type":"if","locations":[{"start":{"line":109,"column":6},"end":{"line":113,"column":null}},{"start":{},"end":{}}],"line":109},"3":{"loc":{"start":{"line":115,"column":6},"end":{"line":119,"column":null}},"type":"if","locations":[{"start":{"line":115,"column":6},"end":{"line":119,"column":null}},{"start":{},"end":{}}],"line":115},"4":{"loc":{"start":{"line":121,"column":6},"end":{"line":125,"column":null}},"type":"if","locations":[{"start":{"line":121,"column":6},"end":{"line":125,"column":null}},{"start":{},"end":{}}],"line":121},"5":{"loc":{"start":{"line":131,"column":6},"end":{"line":137,"column":null}},"type":"if","locations":[{"start":{"line":131,"column":6},"end":{"line":137,"column":null}},{"start":{},"end":{}}],"line":131},"6":{"loc":{"start":{"line":141,"column":6},"end":{"line":143,"column":null}},"type":"if","locations":[{"start":{"line":141,"column":6},"end":{"line":143,"column":null}},{"start":{},"end":{}}],"line":141},"7":{"loc":{"start":{"line":147,"column":6},"end":{"line":152,"column":null}},"type":"if","locations":[{"start":{"line":147,"column":6},"end":{"line":152,"column":null}},{"start":{},"end":{}}],"line":147},"8":{"loc":{"start":{"line":156,"column":6},"end":{"line":159,"column":null}},"type":"if","locations":[{"start":{"line":156,"column":6},"end":{"line":159,"column":null}},{"start":{},"end":{}}],"line":156},"9":{"loc":{"start":{"line":171,"column":25},"end":{"line":171,"column":55}},"type":"binary-expr","locations":[{"start":{"line":171,"column":25},"end":{"line":171,"column":50}},{"start":{"line":171,"column":53},"end":{"line":171,"column":55}}],"line":171},"10":{"loc":{"start":{"line":180,"column":8},"end":{"line":188,"column":null}},"type":"if","locations":[{"start":{"line":180,"column":8},"end":{"line":188,"column":null}},{"start":{"line":183,"column":15},"end":{"line":188,"column":null}}],"line":180},"11":{"loc":{"start":{"line":180,"column":12},"end":{"line":180,"column":89}},"type":"binary-expr","locations":[{"start":{"line":180,"column":12},"end":{"line":180,"column":45}},{"start":{"line":180,"column":48},"end":{"line":180,"column":89}}],"line":180},"12":{"loc":{"start":{"line":183,"column":15},"end":{"line":188,"column":null}},"type":"if","locations":[{"start":{"line":183,"column":15},"end":{"line":188,"column":null}},{"start":{"line":186,"column":15},"end":{"line":188,"column":null}}],"line":183},"13":{"loc":{"start":{"line":183,"column":19},"end":{"line":183,"column":130}},"type":"binary-expr","locations":[{"start":{"line":183,"column":19},"end":{"line":183,"column":52}},{"start":{"line":183,"column":55},"end":{"line":183,"column":91}},{"start":{"line":183,"column":94},"end":{"line":183,"column":130}}],"line":183},"14":{"loc":{"start":{"line":187,"column":16},"end":{"line":187,"column":72}},"type":"binary-expr","locations":[{"start":{"line":187,"column":16},"end":{"line":187,"column":28}},{"start":{"line":187,"column":33},"end":{"line":187,"column":72}}],"line":187},"15":{"loc":{"start":{"line":6,"column":10},"end":{"line":7,"column":65}},"type":"binary-expr","locations":[{"start":{"line":6,"column":10},"end":{"line":6,"column":15}},{"start":{"line":6,"column":10},"end":{"line":7,"column":65}}],"line":6},"16":{"loc":{"start":{"line":10,"column":25},"end":{"line":10,"column":48}},"type":"binary-expr","locations":[{"start":{"line":10,"column":25},"end":{"line":10,"column":35}},{"start":{"line":10,"column":25},"end":{"line":10,"column":48}}],"line":10},"17":{"loc":{"start":{"line":10,"column":35},"end":{"line":10,"column":46}},"type":"binary-expr","locations":[{"start":{"line":10,"column":35},"end":{"line":10,"column":46}},{"start":{"line":10,"column":35},"end":{"line":10,"column":46}}],"line":10},"18":{"loc":{"start":{"line":12,"column":16},"end":{"line":12,"column":56}},"type":"binary-expr","locations":[{"start":{"line":12,"column":16},"end":{"line":12,"column":23}},{"start":{"line":12,"column":16},"end":{"line":12,"column":56}}],"line":12},"19":{"loc":{"start":{"line":17,"column":27},"end":{"line":17,"column":null}},"type":"binary-expr","locations":[{"start":{"line":17,"column":27},"end":{"line":17,"column":38}},{"start":{"line":17,"column":27},"end":{"line":17,"column":null}}],"line":17},"20":{"loc":{"start":{"line":20,"column":24},"end":{"line":20,"column":null}},"type":"binary-expr","locations":[{"start":{"line":20,"column":24},"end":{"line":20,"column":26}},{"start":{"line":20,"column":24},"end":{"line":20,"column":null}}],"line":20},"21":{"loc":{"start":{"line":23,"column":27},"end":{"line":24,"column":null}},"type":"cond-expr","locations":[{"start":{"line":23,"column":16},"end":{"line":24,"column":null}}],"line":23},"22":{"loc":{"start":{"line":29,"column":16},"end":{"line":29,"column":56}},"type":"binary-expr","locations":[{"start":{"line":29,"column":16},"end":{"line":29,"column":23}},{"start":{"line":29,"column":16},"end":{"line":29,"column":56}}],"line":29},"23":{"loc":{"start":{"line":34,"column":27},"end":{"line":34,"column":null}},"type":"binary-expr","locations":[{"start":{"line":34,"column":27},"end":{"line":34,"column":38}},{"start":{"line":34,"column":27},"end":{"line":34,"column":null}}],"line":34},"24":{"loc":{"start":{"line":37,"column":24},"end":{"line":37,"column":null}},"type":"binary-expr","locations":[{"start":{"line":37,"column":24},"end":{"line":37,"column":26}},{"start":{"line":37,"column":24},"end":{"line":37,"column":null}}],"line":37},"25":{"loc":{"start":{"line":40,"column":27},"end":{"line":41,"column":null}},"type":"cond-expr","locations":[{"start":{"line":40,"column":16},"end":{"line":41,"column":null}}],"line":40},"26":{"loc":{"start":{"line":51,"column":28},"end":{"line":51,"column":null}},"type":"cond-expr","locations":[{"start":{"line":51,"column":16},"end":{"line":51,"column":null}}],"line":51},"27":{"loc":{"start":{"line":52,"column":19},"end":{"line":52,"column":null}},"type":"cond-expr","locations":[{"start":{"line":52,"column":26},"end":{"line":52,"column":null}},{"start":{"line":52,"column":26},"end":{"line":52,"column":null}}],"line":52},"28":{"loc":{"start":{"line":59,"column":30},"end":{"line":60,"column":29}},"type":"binary-expr","locations":[{"start":{"line":59,"column":30},"end":{"line":59,"column":null}},{"start":{"line":59,"column":30},"end":{"line":60,"column":29}}],"line":59},"29":{"loc":{"start":{"line":60,"column":76},"end":{"line":60,"column":90}},"type":"binary-expr","locations":[{"start":{"line":60,"column":76},"end":{"line":60,"column":90}},{"start":{"line":60,"column":76},"end":{"line":60,"column":90}}],"line":60},"30":{"loc":{"start":{"line":64,"column":61},"end":{"line":66,"column":30}},"type":"binary-expr","locations":[{"start":{"line":64,"column":61},"end":{"line":64,"column":null}},{"start":{"line":64,"column":61},"end":{"line":66,"column":30}}],"line":64}},"s":{"0":1,"1":3,"2":3,"3":3,"4":3,"5":2,"6":2,"7":1,"8":1,"9":1,"10":1,"11":0,"12":0,"13":0,"14":1,"15":0,"16":0,"17":0,"18":1,"19":1,"20":1,"21":1,"22":2,"23":0,"24":1,"25":1,"26":1,"27":0,"28":2,"29":1,"30":1,"31":1,"32":1,"33":1,"34":1,"35":1,"36":2,"37":2,"38":0,"39":0,"40":0,"41":0,"42":0,"43":0,"44":0,"45":0,"46":0,"47":1,"48":1,"49":1,"50":1,"51":1,"52":1,"53":1,"54":1,"55":1,"56":1,"57":1,"58":8,"59":2,"60":1,"61":1,"62":1,"63":1,"64":0,"65":0},"f":{"0":3,"1":3,"2":3,"3":2,"4":1,"5":2,"6":1,"7":0,"8":2,"9":2,"10":1,"11":1,"12":1,"13":1,"14":0,"15":0},"b":{"0":[3,3],"1":[3,0],"2":[1,1],"3":[0,1],"4":[0,1],"5":[1,0],"6":[0,2],"7":[1,0],"8":[1,1],"9":[1,0],"10":[0,0],"11":[0,0],"12":[0,0],"13":[0,0,0],"14":[0,0],"15":[8,3],"16":[8,3],"17":[2,2],"18":[8,3],"19":[8,3],"20":[8,3],"21":[1],"22":[8,3],"23":[8,3],"24":[8,3],"25":[0],"26":[1],"27":[1,7],"28":[8,3],"29":[0,0],"30":[0,0]},"meta":{"lastBranch":0,"lastFunction":0,"lastStatement":0,"seen":{}}}
}
